# JRE version: Java(TM) SE Runtime Environment (8.0_66-b17) (build 1.8.0_66-b17)
# Java VM: Java HotSpot(TM) 64-Bit Server VM (25.66-b17 mixed mode linux-amd64 compressed oops)
Heap:
 PSYoungGen      total 251904K, used 256K [0x00000000d7900000, 0x00000000e7100000, 0x0000000100000000)
  eden space 249856K, 0% used [0x00000000d7900000,0x00000000d7900000,0x00000000e6d00000)
  from space 2048K, 12% used [0x00000000e6d00000,0x00000000e6d40000,0x00000000e6f00000)
  to   space 2048K, 0% used [0x00000000e6f00000,0x00000000e6f00000,0x00000000e7100000)
 ParOldGen       total 83456K, used 1280K [0x0000000086a00000, 0x000000008bb80000, 0x00000000d7900000)
  object space 83456K, 1% used [0x0000000086a00000,0x0000000086b403b0,0x000000008bb80000)
 Metaspace       used 9229K, capacity 9406K, committed 9600K, reserved 1058816K
  class space    used 1017K, capacity 1091K, committed 1152K, reserved 1048576K
GC Heap History (10 events):
Event: 1.028 GC heap after
Heap after GC invocations=2 (full 0):
 PSYoungGen      total 67584K, used 1316K [0x00000000d7900000, 0x00000000dc000000, 0x0000000100000000)
  eden space 62464K, 0% used [0x00000000d7900000,0x00000000d7900000,0x00000000db600000)
  from space 5120K, 25% used [0x00000000dbb00000,0x00000000dbc49040,0x00000000dc000000)
  to   space 5120K, 0% used [0x00000000db600000,0x00000000db600000,0x00000000dbb00000)
 ParOldGen       total 83456K, used 16K [0x0000000086a00000, 0x000000008bb80000, 0x00000000d7900000)
  object space 83456K, 0% used [0x0000000086a00000,0x0000000086a04000,0x000000008bb80000)
 Metaspace       used 8713K, capacity 8858K, committed 9088K, reserved 1056768K
  class space    used 979K, capacity 1059K, committed 1152K, reserved 1048576K
}
Event: 3.405 GC heap before
{Heap before GC invocations=3 (full 0):
 PSYoungGen      total 67584K, used 63780K [0x00000000d7900000, 0x00000000dc000000, 0x0000000100000000)
  eden space 62464K, 100% used [0x00000000d7900000,0x00000000db600000,0x00000000db600000)
  from space 5120K, 25% used [0x00000000dbb00000,0x00000000dbc49040,0x00000000dc000000)
  to   space 5120K, 0% used [0x00000000db600000,0x00000000db600000,0x00000000dbb00000)
 ParOldGen       total 83456K, used 16K [0x0000000086a00000, 0x000000008bb80000, 0x00000000d7900000)
  object space 83456K, 0% used [0x0000000086a00000,0x0000000086a04000,0x000000008bb80000)
 Metaspace       used 9088K, capacity 9210K, committed 9344K, reserved 1056768K
  class space    used 1017K, capacity 1091K, committed 1152K, reserved 1048576K
Event: 3.415 GC heap after
Heap after GC invocations=3 (full 0):
 PSYoungGen      total 67584K, used 1474K [0x00000000d7900000, 0x00000000dfd00000, 0x0000000100000000)
  eden space 62464K, 0% used [0x00000000d7900000,0x00000000d7900000,0x00000000db600000)
  from space 5120K, 28% used [0x00000000db600000,0x00000000db770850,0x00000000dbb00000)
  to   space 5120K, 0% used [0x00000000df800000,0x00000000df800000,0x00000000dfd00000)
 ParOldGen       total 83456K, used 24K [0x0000000086a00000, 0x000000008bb80000, 0x00000000d7900000)
  object space 83456K, 0% used [0x0000000086a00000,0x0000000086a06000,0x000000008bb80000)
 Metaspace       used 9088K, capacity 9210K, committed 9344K, reserved 1056768K
  class space    used 1017K, capacity 1091K, committed 1152K, reserved 1048576K
}
Event: 3.582 GC heap before
{Heap before GC invocations=4 (full 0):
 PSYoungGen      total 67584K, used 63938K [0x00000000d7900000, 0x00000000dfd00000, 0x0000000100000000)
  eden space 62464K, 100% used [0x00000000d7900000,0x00000000db600000,0x00000000db600000)
  from space 5120K, 28% used [0x00000000db600000,0x00000000db770850,0x00000000dbb00000)
  to   space 5120K, 0% used [0x00000000df800000,0x00000000df800000,0x00000000dfd00000)
 ParOldGen       total 83456K, used 24K [0x0000000086a00000, 0x000000008bb80000, 0x00000000d7900000)
  object space 83456K, 0% used [0x0000000086a00000,0x0000000086a06000,0x000000008bb80000)
 Metaspace       used 9162K, capacity 9338K, committed 9600K, reserved 1058816K
  class space    used 1017K, capacity 1091K, committed 1152K, reserved 1048576K
Event: 3.587 GC heap after
Heap after GC invocations=4 (full 0):
 PSYoungGen      total 130048K, used 1490K [0x00000000d7900000, 0x00000000dfd00000, 0x0000000100000000)
  eden space 124928K, 0% used [0x00000000d7900000,0x00000000d7900000,0x00000000df300000)
  from space 5120K, 29% used [0x00000000df800000,0x00000000df974820,0x00000000dfd00000)
  to   space 5120K, 0% used [0x00000000df300000,0x00000000df300000,0x00000000df800000)
 ParOldGen       total 83456K, used 32K [0x0000000086a00000, 0x000000008bb80000, 0x00000000d7900000)
  object space 83456K, 0% used [0x0000000086a00000,0x0000000086a08000,0x000000008bb80000)
 Metaspace       used 9162K, capacity 9338K, committed 9600K, reserved 1058816K
  class space    used 1017K, capacity 1091K, committed 1152K, reserved 1048576K
}
Event: 4.041 GC heap before
{Heap before GC invocations=5 (full 0):
 PSYoungGen      total 130048K, used 126418K [0x00000000d7900000, 0x00000000dfd00000, 0x0000000100000000)
  eden space 124928K, 100% used [0x00000000d7900000,0x00000000df300000,0x00000000df300000)
  from space 5120K, 29% used [0x00000000df800000,0x00000000df974820,0x00000000dfd00000)
  to   space 5120K, 0% used [0x00000000df300000,0x00000000df300000,0x00000000df800000)
 ParOldGen       total 83456K, used 32K [0x0000000086a00000, 0x000000008bb80000, 0x00000000d7900000)
  object space 83456K, 0% used [0x0000000086a00000,0x0000000086a08000,0x000000008bb80000)
 Metaspace       used 9182K, capacity 9342K, committed 9600K, reserved 1058816K
  class space    used 1017K, capacity 1091K, committed 1152K, reserved 1048576K
Event: 4.048 GC heap after
Heap after GC invocations=5 (full 0):
 PSYoungGen      total 130048K, used 1490K [0x00000000d7900000, 0x00000000e7100000, 0x0000000100000000)
  eden space 124928K, 0% used [0x00000000d7900000,0x00000000d7900000,0x00000000df300000)
  from space 5120K, 29% used [0x00000000df300000,0x00000000df474840,0x00000000df800000)
  to   space 2048K, 0% used [0x00000000e6f00000,0x00000000e6f00000,0x00000000e7100000)
 ParOldGen       total 83456K, used 40K [0x0000000086a00000, 0x000000008bb80000, 0x00000000d7900000)
  object space 83456K, 0% used [0x0000000086a00000,0x0000000086a0a000,0x000000008bb80000)
 Metaspace       used 9182K, capacity 9342K, committed 9600K, reserved 1058816K
  class space    used 1017K, capacity 1091K, committed 1152K, reserved 1048576K
}
Event: 4.238 GC heap before
{Heap before GC invocations=6 (full 0):
 PSYoungGen      total 130048K, used 126418K [0x00000000d7900000, 0x00000000e7100000, 0x0000000100000000)
  eden space 124928K, 100% used [0x00000000d7900000,0x00000000df300000,0x00000000df300000)
  from space 5120K, 29% used [0x00000000df300000,0x00000000df474840,0x00000000df800000)
  to   space 2048K, 0% used [0x00000000e6f00000,0x00000000e6f00000,0x00000000e7100000)
 ParOldGen       total 83456K, used 40K [0x0000000086a00000, 0x000000008bb80000, 0x00000000d7900000)
  object space 83456K, 0% used [0x0000000086a00000,0x0000000086a0a000,0x000000008bb80000)
 Metaspace       used 9203K, capacity 9342K, committed 9600K, reserved 1058816K
  class space    used 1017K, capacity 1091K, committed 1152K, reserved 1048576K
Event: 4.242 GC heap after
Heap after GC invocations=6 (full 0):
 PSYoungGen      total 251904K, used 1490K [0x00000000d7900000, 0x00000000e7100000, 0x0000000100000000)
  eden space 249856K, 0% used [0x00000000d7900000,0x00000000d7900000,0x00000000e6d00000)
  from space 2048K, 72% used [0x00000000e6f00000,0x00000000e7074840,0x00000000e7100000)
  to   space 2048K, 0% used [0x00000000e6d00000,0x00000000e6d00000,0x00000000e6f00000)
 ParOldGen       total 83456K, used 48K [0x0000000086a00000, 0x000000008bb80000, 0x00000000d7900000)
  object space 83456K, 0% used [0x0000000086a00000,0x0000000086a0c000,0x000000008bb80000)
 Metaspace       used 9203K, capacity 9342K, committed 9600K, reserved 1058816K
  class space    used 1017K, capacity 1091K, committed 1152K, reserved 1048576K
}
Event: 4.908 GC heap before
{Heap before GC invocations=7 (full 0):
 PSYoungGen      total 251904K, used 251346K [0x00000000d7900000, 0x00000000e7100000, 0x0000000100000000)
  eden space 249856K, 100% used [0x00000000d7900000,0x00000000e6d00000,0x00000000e6d00000)
  from space 2048K, 72% used [0x00000000e6f00000,0x00000000e7074840,0x00000000e7100000)
  to   space 2048K, 0% used [0x00000000e6d00000,0x00000000e6d00000,0x00000000e6f00000)
 ParOldGen       total 83456K, used 48K [0x0000000086a00000, 0x000000008bb80000, 0x00000000d7900000)
  object space 83456K, 0% used [0x0000000086a00000,0x0000000086a0c000,0x000000008bb80000)
 Metaspace       used 9229K, capacity 9406K, committed 9600K, reserved 1058816K
  class space    used 1017K, capacity 1091K, committed 1152K, reserved 1048576K

