# JRE version: Java(TM) SE Runtime Environment (8.0_66-b17) (build 1.8.0_66-b17)
# Java VM: Java HotSpot(TM) 64-Bit Server VM (25.66-b17 mixed mode linux-amd64 compressed oops)
Heap:
 PSYoungGen      total 251392K, used 128K [0x00000000d7900000, 0x00000000e7000000, 0x0000000100000000)
  eden space 249856K, 0% used [0x00000000d7900000,0x00000000d7900000,0x00000000e6d00000)
  from space 1536K, 8% used [0x00000000e6d00000,0x00000000e6d20000,0x00000000e6e80000)
  to   space 1536K, 0% used [0x00000000e6e80000,0x00000000e6e80000,0x00000000e7000000)
 ParOldGen       total 83456K, used 1415K [0x0000000086a00000, 0x000000008bb80000, 0x00000000d7900000)
  object space 83456K, 1% used [0x0000000086a00000,0x0000000086b61d88,0x000000008bb80000)
 Metaspace       used 9686K, capacity 9866K, committed 10112K, reserved 1058816K
  class space    used 1017K, capacity 1091K, committed 1152K, reserved 1048576K
GC Heap History (10 events):
Event: 1.960 GC heap after
Heap after GC invocations=2 (full 0):
 PSYoungGen      total 67584K, used 1474K [0x00000000d7900000, 0x00000000dc000000, 0x0000000100000000)
  eden space 62464K, 0% used [0x00000000d7900000,0x00000000d7900000,0x00000000db600000)
  from space 5120K, 28% used [0x00000000dbb00000,0x00000000dbc70830,0x00000000dc000000)
  to   space 5120K, 0% used [0x00000000db600000,0x00000000db600000,0x00000000dbb00000)
 ParOldGen       total 83456K, used 24K [0x0000000086a00000, 0x000000008bb80000, 0x00000000d7900000)
  object space 83456K, 0% used [0x0000000086a00000,0x0000000086a06000,0x000000008bb80000)
 Metaspace       used 9154K, capacity 9278K, committed 9344K, reserved 1056768K
  class space    used 1017K, capacity 1091K, committed 1152K, reserved 1048576K
}
Event: 3.062 GC heap before
{Heap before GC invocations=3 (full 0):
 PSYoungGen      total 67584K, used 63938K [0x00000000d7900000, 0x00000000dc000000, 0x0000000100000000)
  eden space 62464K, 100% used [0x00000000d7900000,0x00000000db600000,0x00000000db600000)
  from space 5120K, 28% used [0x00000000dbb00000,0x00000000dbc70830,0x00000000dc000000)
  to   space 5120K, 0% used [0x00000000db600000,0x00000000db600000,0x00000000dbb00000)
 ParOldGen       total 83456K, used 24K [0x0000000086a00000, 0x000000008bb80000, 0x00000000d7900000)
  object space 83456K, 0% used [0x0000000086a00000,0x0000000086a06000,0x000000008bb80000)
 Metaspace       used 9252K, capacity 9406K, committed 9600K, reserved 1058816K
  class space    used 1017K, capacity 1091K, committed 1152K, reserved 1048576K
Event: 3.078 GC heap after
Heap after GC invocations=3 (full 0):
 PSYoungGen      total 67584K, used 1490K [0x00000000d7900000, 0x00000000dfd00000, 0x0000000100000000)
  eden space 62464K, 0% used [0x00000000d7900000,0x00000000d7900000,0x00000000db600000)
  from space 5120K, 29% used [0x00000000db600000,0x00000000db774820,0x00000000dbb00000)
  to   space 5120K, 0% used [0x00000000df800000,0x00000000df800000,0x00000000dfd00000)
 ParOldGen       total 83456K, used 32K [0x0000000086a00000, 0x000000008bb80000, 0x00000000d7900000)
  object space 83456K, 0% used [0x0000000086a00000,0x0000000086a08000,0x000000008bb80000)
 Metaspace       used 9252K, capacity 9406K, committed 9600K, reserved 1058816K
  class space    used 1017K, capacity 1091K, committed 1152K, reserved 1048576K
}
Event: 3.320 GC heap before
{Heap before GC invocations=4 (full 0):
 PSYoungGen      total 67584K, used 63954K [0x00000000d7900000, 0x00000000dfd00000, 0x0000000100000000)
  eden space 62464K, 100% used [0x00000000d7900000,0x00000000db600000,0x00000000db600000)
  from space 5120K, 29% used [0x00000000db600000,0x00000000db774820,0x00000000dbb00000)
  to   space 5120K, 0% used [0x00000000df800000,0x00000000df800000,0x00000000dfd00000)
 ParOldGen       total 83456K, used 32K [0x0000000086a00000, 0x000000008bb80000, 0x00000000d7900000)
  object space 83456K, 0% used [0x0000000086a00000,0x0000000086a08000,0x000000008bb80000)
 Metaspace       used 9311K, capacity 9470K, committed 9600K, reserved 1058816K
  class space    used 1017K, capacity 1091K, committed 1152K, reserved 1048576K
Event: 3.352 GC heap after
Heap after GC invocations=4 (full 0):
 PSYoungGen      total 130048K, used 1476K [0x00000000d7900000, 0x00000000dfd00000, 0x0000000100000000)
  eden space 124928K, 0% used [0x00000000d7900000,0x00000000d7900000,0x00000000df300000)
  from space 5120K, 28% used [0x00000000df800000,0x00000000df971060,0x00000000dfd00000)
  to   space 5120K, 0% used [0x00000000df300000,0x00000000df300000,0x00000000df800000)
 ParOldGen       total 83456K, used 40K [0x0000000086a00000, 0x000000008bb80000, 0x00000000d7900000)
  object space 83456K, 0% used [0x0000000086a00000,0x0000000086a0a000,0x000000008bb80000)
 Metaspace       used 9311K, capacity 9470K, committed 9600K, reserved 1058816K
  class space    used 1017K, capacity 1091K, committed 1152K, reserved 1048576K
}
Event: 4.469 GC heap before
{Heap before GC invocations=5 (full 0):
 PSYoungGen      total 130048K, used 126404K [0x00000000d7900000, 0x00000000dfd00000, 0x0000000100000000)
  eden space 124928K, 100% used [0x00000000d7900000,0x00000000df300000,0x00000000df300000)
  from space 5120K, 28% used [0x00000000df800000,0x00000000df971060,0x00000000dfd00000)
  to   space 5120K, 0% used [0x00000000df300000,0x00000000df300000,0x00000000df800000)
 ParOldGen       total 83456K, used 40K [0x0000000086a00000, 0x000000008bb80000, 0x00000000d7900000)
  object space 83456K, 0% used [0x0000000086a00000,0x0000000086a0a000,0x000000008bb80000)
 Metaspace       used 9519K, capacity 9674K, committed 9856K, reserved 1058816K
  class space    used 1017K, capacity 1091K, committed 1152K, reserved 1048576K
Event: 4.473 GC heap after
Heap after GC invocations=5 (full 0):
 PSYoungGen      total 130048K, used 1456K [0x00000000d7900000, 0x00000000e7000000, 0x0000000100000000)
  eden space 124928K, 0% used [0x00000000d7900000,0x00000000d7900000,0x00000000df300000)
  from space 5120K, 28% used [0x00000000df300000,0x00000000df46c010,0x00000000df800000)
  to   space 1536K, 0% used [0x00000000e6e80000,0x00000000e6e80000,0x00000000e7000000)
 ParOldGen       total 83456K, used 48K [0x0000000086a00000, 0x000000008bb80000, 0x00000000d7900000)
  object space 83456K, 0% used [0x0000000086a00000,0x0000000086a0c000,0x000000008bb80000)
 Metaspace       used 9519K, capacity 9674K, committed 9856K, reserved 1058816K
  class space    used 1017K, capacity 1091K, committed 1152K, reserved 1048576K
}
Event: 5.171 GC heap before
{Heap before GC invocations=6 (full 0):
 PSYoungGen      total 130048K, used 126384K [0x00000000d7900000, 0x00000000e7000000, 0x0000000100000000)
  eden space 124928K, 100% used [0x00000000d7900000,0x00000000df300000,0x00000000df300000)
  from space 5120K, 28% used [0x00000000df300000,0x00000000df46c010,0x00000000df800000)
  to   space 1536K, 0% used [0x00000000e6e80000,0x00000000e6e80000,0x00000000e7000000)
 ParOldGen       total 83456K, used 48K [0x0000000086a00000, 0x000000008bb80000, 0x00000000d7900000)
  object space 83456K, 0% used [0x0000000086a00000,0x0000000086a0c000,0x000000008bb80000)
 Metaspace       used 9569K, capacity 9738K, committed 9856K, reserved 1058816K
  class space    used 1017K, capacity 1091K, committed 1152K, reserved 1048576K
Event: 5.176 GC heap after
Heap after GC invocations=6 (full 0):
 PSYoungGen      total 251392K, used 1492K [0x00000000d7900000, 0x00000000e7000000, 0x0000000100000000)
  eden space 249856K, 0% used [0x00000000d7900000,0x00000000d7900000,0x00000000e6d00000)
  from space 1536K, 97% used [0x00000000e6e80000,0x00000000e6ff5050,0x00000000e7000000)
  to   space 1536K, 0% used [0x00000000e6d00000,0x00000000e6d00000,0x00000000e6e80000)
 ParOldGen       total 83456K, used 56K [0x0000000086a00000, 0x000000008bb80000, 0x00000000d7900000)
  object space 83456K, 0% used [0x0000000086a00000,0x0000000086a0e000,0x000000008bb80000)
 Metaspace       used 9569K, capacity 9738K, committed 9856K, reserved 1058816K
  class space    used 1017K, capacity 1091K, committed 1152K, reserved 1048576K
}
Event: 6.702 GC heap before
{Heap before GC invocations=7 (full 0):
 PSYoungGen      total 251392K, used 251348K [0x00000000d7900000, 0x00000000e7000000, 0x0000000100000000)
  eden space 249856K, 100% used [0x00000000d7900000,0x00000000e6d00000,0x00000000e6d00000)
  from space 1536K, 97% used [0x00000000e6e80000,0x00000000e6ff5050,0x00000000e7000000)
  to   space 1536K, 0% used [0x00000000e6d00000,0x00000000e6d00000,0x00000000e6e80000)
 ParOldGen       total 83456K, used 56K [0x0000000086a00000, 0x000000008bb80000, 0x00000000d7900000)
  object space 83456K, 0% used [0x0000000086a00000,0x0000000086a0e000,0x000000008bb80000)
 Metaspace       used 9686K, capacity 9866K, committed 10112K, reserved 1058816K
  class space    used 1017K, capacity 1091K, committed 1152K, reserved 1048576K

